c:\users\matthew grim\source\repos\project1a\project1a\x64\debug\vc142.pdb
c:\users\matthew grim\source\repos\project1a\project1a\x64\debug\vc142.idb
c:\users\matthew grim\source\repos\project1a\project1a\x64\debug\worldmanager.obj
c:\users\matthew grim\source\repos\project1a\project1a\x64\debug\vector.obj
c:\users\matthew grim\source\repos\project1a\project1a\x64\debug\testobject.obj
c:\users\matthew grim\source\repos\project1a\project1a\x64\debug\object.obj
c:\users\matthew grim\source\repos\project1a\project1a\x64\debug\manager.obj
c:\users\matthew grim\source\repos\project1a\project1a\x64\debug\main.obj
c:\users\matthew grim\source\repos\project1a\project1a\x64\debug\gamemanager.obj
c:\users\matthew grim\source\repos\project1a\project1a\x64\debug\eventstep.obj
c:\users\matthew grim\source\repos\project1a\project1a\x64\debug\event.obj
c:\users\matthew grim\source\repos\project1a\project1a\x64\debug\dispalymanager.obj
c:\users\matthew grim\source\repos\project1a\project1a\x64\debug\clock.obj
c:\users\matthew grim\source\repos\project1a\project1a\x64\debug\keyboardevent.obj
c:\users\matthew grim\source\repos\project1a\project1a\x64\debug\eventmouse.obj
c:\users\matthew grim\source\repos\project1a\project1a\x64\debug\inputmanager.obj
c:\users\matthew grim\source\repos\project1a\x64\debug\project1a.exe
c:\users\matthew grim\source\repos\project1a\x64\debug\project1a.ilk
c:\users\matthew grim\source\repos\project1a\x64\debug\project1a.pdb
c:\users\matthew grim\source\repos\project1a\project1a\x64\debug\project1a.tlog\cl.command.1.tlog
c:\users\matthew grim\source\repos\project1a\project1a\x64\debug\project1a.tlog\cl.read.1.tlog
c:\users\matthew grim\source\repos\project1a\project1a\x64\debug\project1a.tlog\cl.write.1.tlog
c:\users\matthew grim\source\repos\project1a\project1a\x64\debug\project1a.tlog\link.command.1.tlog
c:\users\matthew grim\source\repos\project1a\project1a\x64\debug\project1a.tlog\link.read.1.tlog
c:\users\matthew grim\source\repos\project1a\project1a\x64\debug\project1a.tlog\link.write.1.tlog
